#
# A fatal error has been detected by the Java Runtime Environment:
#
#  Internal Error (constantTag.cpp:59), pid=11832, tid=0x000000000000202c
#  Error: ShouldNotReachHere()
#
# JRE version: Java(TM) SE Runtime Environment (8.0_221-b11) (build 1.8.0_221-b11)
# Java VM: Java HotSpot(TM) 64-Bit Server VM (25.221-b11 mixed mode windows-amd64 compressed oops)
# Failed to write core dump. Minidumps are not enabled by default on client versions of Windows
#
# If you would like to submit a bug report, please visit:
#   http://bugreport.java.com/bugreport/crash.jsp
#

---------------  T H R E A D  ---------------

Current thread (0x00000000149b8000):  VMThread [stack: 0x0000000015a50000,0x0000000015b50000] [id=8236]

Stack: [0x0000000015a50000,0x0000000015b50000]
[error occurred during error reporting (printing stack bounds), id 0xc0000005]

Native frames: (J=compiled Java code, j=interpreted, Vv=VM code, C=native code)

VM_Operation (0x000000001648f2c0): GetOrSetLocal, mode: safepoint, requested by thread 0x00000000149fd000


---------------  P R O C E S S  ---------------

Java Threads: ( => current thread )
  0x00000000180e9000 JavaThread "Exec Stream Pumper" daemon [_thread_in_native, id=7784, stack(0x0000000019660000,0x0000000019760000)]
  0x00000000180ce000 JavaThread "Exec Stream Pumper" daemon [_thread_in_native, id=13184, stack(0x0000000019560000,0x0000000019660000)]
  0x00000000180e6800 JavaThread "Exec Default Executor" daemon [_thread_in_native, id=4988, stack(0x0000000019360000,0x0000000019460000)]
  0x000000001729e800 JavaThread "ReaderThread" [_thread_in_native, id=8212, stack(0x0000000017890000,0x0000000017990000)]
  0x0000000014a1c000 JavaThread "Service Thread" daemon [_thread_blocked, id=4312, stack(0x0000000016d90000,0x0000000016e90000)]
  0x0000000014a34000 JavaThread "C1 CompilerThread2" daemon [_thread_blocked, id=12204, stack(0x0000000016890000,0x0000000016990000)]
  0x0000000014a1f800 JavaThread "C2 CompilerThread1" daemon [_thread_blocked, id=8612, stack(0x0000000016790000,0x0000000016890000)]
  0x0000000014a19800 JavaThread "C2 CompilerThread0" daemon [_thread_blocked, id=10392, stack(0x0000000016690000,0x0000000016790000)]
  0x0000000014a0d000 JavaThread "JDWP Command Reader" daemon [_thread_in_native, id=7120, stack(0x0000000016590000,0x0000000016690000)]
  0x0000000014a0b800 JavaThread "JDWP Event Helper Thread" daemon [_thread_blocked, id=11592, stack(0x0000000016490000,0x0000000016590000)]
  0x00000000149fd000 JavaThread "JDWP Transport Listener: dt_socket" daemon [_thread_blocked, id=10208, stack(0x0000000016390000,0x0000000016490000)]
  0x00000000149f3800 JavaThread "Attach Listener" daemon [_thread_blocked, id=9840, stack(0x0000000015f50000,0x0000000016050000)]
  0x00000000149f2800 JavaThread "Signal Dispatcher" daemon [_thread_blocked, id=6592, stack(0x0000000015e50000,0x0000000015f50000)]
  0x00000000149df800 JavaThread "Finalizer" daemon [_thread_blocked, id=7864, stack(0x0000000015c50000,0x0000000015d50000)]
  0x00000000149b8800 JavaThread "Reference Handler" daemon [_thread_blocked, id=12128, stack(0x0000000015b50000,0x0000000015c50000)]
  0x0000000002324800 JavaThread "main" [_thread_blocked, id=8324, stack(0x00000000021d0000,0x00000000022d0000)]

Other Threads:
=>0x00000000149b8000 VMThread [stack: 0x0000000015a50000,0x0000000015b50000] [id=8236]
  0x0000000016a0c800 WatcherThread [stack: 0x0000000016e90000,0x0000000016f90000] [id=10268]

VM state:at safepoint (normal execution)

VM Mutex/Monitor currently owned by a thread:  ([mutex/lock_event])
[0x0000000002321650] Threads_lock - owner thread: 0x00000000149b8000

heap address: 0x00000000c1c00000, size: 996 MB, Compressed Oops mode: 32-bit
Narrow klass base: 0x0000000000000000, Narrow klass shift: 3
Compressed class space size: 1073741824 Address: 0x0000000100000000

Heap:
 PSYoungGen      total 68096K, used 17545K [0x00000000eb400000, 0x00000000ef900000, 0x0000000100000000)
  eden space 65536K, 26% used [0x00000000eb400000,0x00000000ec5227e8,0x00000000ef400000)
  from space 2560K, 0% used [0x00000000ef680000,0x00000000ef680000,0x00000000ef900000)
  to   space 2560K, 0% used [0x00000000ef400000,0x00000000ef400000,0x00000000ef680000)
 ParOldGen       total 42496K, used 10803K [0x00000000c1c00000, 0x00000000c4580000, 0x00000000eb400000)
  object space 42496K, 25% used [0x00000000c1c00000,0x00000000c268cd28,0x00000000c4580000)
 Metaspace       used 23366K, capacity 24163K, committed 24448K, reserved 1071104K
  class space    used 2925K, capacity 3126K, committed 3200K, reserved 1048576K

Card table byte_map: [0x00000000117e0000,0x00000000119e0000] byte_map_base: 0x00000000111d2000

Marking Bits: (ParMarkBitMap*) 0x000000005ae15ce0
 Begin Bits: [0x0000000011f30000, 0x0000000012ec0000)
 End Bits:   [0x0000000012ec0000, 0x0000000013e50000)

Polling page: 0x0000000000940000

CodeCache: size=245760Kb used=7875Kb max_used=7884Kb free=237884Kb
 bounds [0x0000000002420000, 0x0000000002be0000, 0x0000000011420000]
 total_blobs=2735 nmethods=2295 adapters=360
 compilation: enabled

Compilation events (10 events):
Event: 15.771 Thread 0x0000000014a1f800 nmethod 2303 0x0000000002bd2d10 code [0x0000000002bd2e40, 0x0000000002bd2e98]
Event: 15.771 Thread 0x0000000014a19800 2307       4       java.util.LinkedHashMap::newNode (23 bytes)
Event: 15.771 Thread 0x0000000014a34000 nmethod 2304 0x0000000002bd46d0 code [0x0000000002bd4940, 0x0000000002bd56a8]
Event: 15.771 Thread 0x0000000014a34000 2305       3       java.util.concurrent.ConcurrentHashMap::get (162 bytes)
Event: 15.772 Thread 0x0000000014a34000 nmethod 2305 0x0000000002bd3450 code [0x0000000002bd3660, 0x0000000002bd4238]
Event: 15.772 Thread 0x0000000014a34000 2308       3       java.util.HashMap::afterNodeRemoval (1 bytes)
Event: 15.772 Thread 0x0000000014a34000 nmethod 2308 0x0000000002bd3150 code [0x0000000002bd32a0, 0x0000000002bd33f0]
Event: 15.772 Thread 0x0000000014a34000 2306       3       java.lang.Class::forName (53 bytes)
Event: 15.772 Thread 0x0000000014a19800 nmethod 2307 0x0000000002bd2990 code [0x0000000002bd2ae0, 0x0000000002bd2c38]
Event: 15.774 Thread 0x0000000014a34000 nmethod 2306 0x0000000002bd8990 code [0x0000000002bd8b60, 0x0000000002bd9268]

GC Heap History (10 events):
Event: 0.936 GC heap before
{Heap before GC invocations=1 (full 0):
 PSYoungGen      total 18944K, used 16384K [0x00000000eb400000, 0x00000000ec900000, 0x0000000100000000)
  eden space 16384K, 100% used [0x00000000eb400000,0x00000000ec400000,0x00000000ec400000)
  from space 2560K, 0% used [0x00000000ec680000,0x00000000ec680000,0x00000000ec900000)
  to   space 2560K, 0% used [0x00000000ec400000,0x00000000ec400000,0x00000000ec680000)
 ParOldGen       total 44032K, used 0K [0x00000000c1c00000, 0x00000000c4700000, 0x00000000eb400000)
  object space 44032K, 0% used [0x00000000c1c00000,0x00000000c1c00000,0x00000000c4700000)
 Metaspace       used 9366K, capacity 9610K, committed 9984K, reserved 1058816K
  class space    used 1103K, capacity 1185K, committed 1280K, reserved 1048576K
Event: 0.949 GC heap after
Heap after GC invocations=1 (full 0):
 PSYoungGen      total 18944K, used 2549K [0x00000000eb400000, 0x00000000ed900000, 0x0000000100000000)
  eden space 16384K, 0% used [0x00000000eb400000,0x00000000eb400000,0x00000000ec400000)
  from space 2560K, 99% used [0x00000000ec400000,0x00000000ec67d6b8,0x00000000ec680000)
  to   space 2560K, 0% used [0x00000000ed680000,0x00000000ed680000,0x00000000ed900000)
 ParOldGen       total 44032K, used 1029K [0x00000000c1c00000, 0x00000000c4700000, 0x00000000eb400000)
  object space 44032K, 2% used [0x00000000c1c00000,0x00000000c1d01678,0x00000000c4700000)
 Metaspace       used 9366K, capacity 9610K, committed 9984K, reserved 1058816K
  class space    used 1103K, capacity 1185K, committed 1280K, reserved 1048576K
}
Event: 1.554 GC heap before
{Heap before GC invocations=2 (full 0):
 PSYoungGen      total 18944K, used 18933K [0x00000000eb400000, 0x00000000ed900000, 0x0000000100000000)
  eden space 16384K, 100% used [0x00000000eb400000,0x00000000ec400000,0x00000000ec400000)
  from space 2560K, 99% used [0x00000000ec400000,0x00000000ec67d6b8,0x00000000ec680000)
  to   space 2560K, 0% used [0x00000000ed680000,0x00000000ed680000,0x00000000ed900000)
 ParOldGen       total 44032K, used 1029K [0x00000000c1c00000, 0x00000000c4700000, 0x00000000eb400000)
  object space 44032K, 2% used [0x00000000c1c00000,0x00000000c1d01678,0x00000000c4700000)
 Metaspace       used 12748K, capacity 13064K, committed 13184K, reserved 1060864K
  class space    used 1485K, capacity 1604K, committed 1664K, reserved 1048576K
Event: 1.560 GC heap after
Heap after GC invocations=2 (full 0):
 PSYoungGen      total 35328K, used 2544K [0x00000000eb400000, 0x00000000ed900000, 0x0000000100000000)
  eden space 32768K, 0% used [0x00000000eb400000,0x00000000eb400000,0x00000000ed400000)
  from space 2560K, 99% used [0x00000000ed680000,0x00000000ed8fc010,0x00000000ed900000)
  to   space 2560K, 0% used [0x00000000ed400000,0x00000000ed400000,0x00000000ed680000)
 ParOldGen       total 44032K, used 2909K [0x00000000c1c00000, 0x00000000c4700000, 0x00000000eb400000)
  object space 44032K, 6% used [0x00000000c1c00000,0x00000000c1ed7420,0x00000000c4700000)
 Metaspace       used 12748K, capacity 13064K, committed 13184K, reserved 1060864K
  class space    used 1485K, capacity 1604K, committed 1664K, reserved 1048576K
}
Event: 2.370 GC heap before
{Heap before GC invocations=3 (full 0):
 PSYoungGen      total 35328K, used 35312K [0x00000000eb400000, 0x00000000ed900000, 0x0000000100000000)
  eden space 32768K, 100% used [0x00000000eb400000,0x00000000ed400000,0x00000000ed400000)
  from space 2560K, 99% used [0x00000000ed680000,0x00000000ed8fc010,0x00000000ed900000)
  to   space 2560K, 0% used [0x00000000ed400000,0x00000000ed400000,0x00000000ed680000)
 ParOldGen       total 44032K, used 2909K [0x00000000c1c00000, 0x00000000c4700000, 0x00000000eb400000)
  object space 44032K, 6% used [0x00000000c1c00000,0x00000000c1ed7420,0x00000000c4700000)
 Metaspace       used 18877K, capacity 19212K, committed 19584K, reserved 1067008K
  class space    used 2282K, capacity 2386K, committed 2432K, reserved 1048576K
Event: 2.379 GC heap after
Heap after GC invocations=3 (full 0):
 PSYoungGen      total 35328K, used 2528K [0x00000000eb400000, 0x00000000ef900000, 0x0000000100000000)
  eden space 32768K, 0% used [0x00000000eb400000,0x00000000eb400000,0x00000000ed400000)
  from space 2560K, 98% used [0x00000000ed400000,0x00000000ed678050,0x00000000ed680000)
  to   space 2560K, 0% used [0x00000000ef680000,0x00000000ef680000,0x00000000ef900000)
 ParOldGen       total 44032K, used 9028K [0x00000000c1c00000, 0x00000000c4700000, 0x00000000eb400000)
  object space 44032K, 20% used [0x00000000c1c00000,0x00000000c24d1218,0x00000000c4700000)
 Metaspace       used 18877K, capacity 19212K, committed 19584K, reserved 1067008K
  class space    used 2282K, capacity 2386K, committed 2432K, reserved 1048576K
}
Event: 3.243 GC heap before
{Heap before GC invocations=4 (full 0):
 PSYoungGen      total 35328K, used 18324K [0x00000000eb400000, 0x00000000ef900000, 0x0000000100000000)
  eden space 32768K, 48% used [0x00000000eb400000,0x00000000ec36d0a8,0x00000000ed400000)
  from space 2560K, 98% used [0x00000000ed400000,0x00000000ed678050,0x00000000ed680000)
  to   space 2560K, 0% used [0x00000000ef680000,0x00000000ef680000,0x00000000ef900000)
 ParOldGen       total 44032K, used 9028K [0x00000000c1c00000, 0x00000000c4700000, 0x00000000eb400000)
  object space 44032K, 20% used [0x00000000c1c00000,0x00000000c24d1218,0x00000000c4700000)
 Metaspace       used 20751K, capacity 21161K, committed 21296K, reserved 1069056K
  class space    used 2537K, capacity 2688K, committed 2688K, reserved 1048576K
Event: 3.251 GC heap after
Heap after GC invocations=4 (full 0):
 PSYoungGen      total 68096K, used 2528K [0x00000000eb400000, 0x00000000ef900000, 0x0000000100000000)
  eden space 65536K, 0% used [0x00000000eb400000,0x00000000eb400000,0x00000000ef400000)
  from space 2560K, 98% used [0x00000000ef680000,0x00000000ef8f8060,0x00000000ef900000)
  to   space 2560K, 0% used [0x00000000ef400000,0x00000000ef400000,0x00000000ef680000)
 ParOldGen       total 44032K, used 11365K [0x00000000c1c00000, 0x00000000c4700000, 0x00000000eb400000)
  object space 44032K, 25% used [0x00000000c1c00000,0x00000000c27195c8,0x00000000c4700000)
 Metaspace       used 20751K, capacity 21161K, committed 21296K, reserved 1069056K
  class space    used 2537K, capacity 2688K, committed 2688K, reserved 1048576K
}
Event: 3.251 GC heap before
{Heap before GC invocations=5 (full 1):
 PSYoungGen      total 68096K, used 2528K [0x00000000eb400000, 0x00000000ef900000, 0x0000000100000000)
  eden space 65536K, 0% used [0x00000000eb400000,0x00000000eb400000,0x00000000ef400000)
  from space 2560K, 98% used [0x00000000ef680000,0x00000000ef8f8060,0x00000000ef900000)
  to   space 2560K, 0% used [0x00000000ef400000,0x00000000ef400000,0x00000000ef680000)
 ParOldGen       total 44032K, used 11365K [0x00000000c1c00000, 0x00000000c4700000, 0x00000000eb400000)
  object space 44032K, 25% used [0x00000000c1c00000,0x00000000c27195c8,0x00000000c4700000)
 Metaspace       used 20751K, capacity 21161K, committed 21296K, reserved 1069056K
  class space    used 2537K, capacity 2688K, committed 2688K, reserved 1048576K
Event: 3.293 GC heap after
Heap after GC invocations=5 (full 1):
 PSYoungGen      total 68096K, used 0K [0x00000000eb400000, 0x00000000ef900000, 0x0000000100000000)
  eden space 65536K, 0% used [0x00000000eb400000,0x00000000eb400000,0x00000000ef400000)
  from space 2560K, 0% used [0x00000000ef680000,0x00000000ef680000,0x00000000ef900000)
  to   space 2560K, 0% used [0x00000000ef400000,0x00000000ef400000,0x00000000ef680000)
 ParOldGen       total 42496K, used 10803K [0x00000000c1c00000, 0x00000000c4580000, 0x00000000eb400000)
  object space 42496K, 25% used [0x00000000c1c00000,0x00000000c268cd28,0x00000000c4580000)
 Metaspace       used 20751K, capacity 21161K, committed 21296K, reserved 1069056K
  class space    used 2537K, capacity 2688K, committed 2688K, reserved 1048576K
}

Deoptimization events (10 events):
Event: 3.492 Thread 0x0000000002324800 Uncommon trap: reason=class_check action=maybe_recompile pc=0x0000000002888acc method=java.io.FilterInputStream.read([BII)I @ 7
Event: 3.492 Thread 0x0000000002324800 Uncommon trap: reason=class_check action=maybe_recompile pc=0x0000000002888acc method=java.io.FilterInputStream.read([BII)I @ 7
Event: 3.492 Thread 0x0000000002324800 Uncommon trap: reason=class_check action=maybe_recompile pc=0x0000000002888acc method=java.io.FilterInputStream.read([BII)I @ 7
Event: 3.495 Thread 0x0000000002324800 Uncommon trap: reason=class_check action=maybe_recompile pc=0x0000000002888acc method=java.io.FilterInputStream.read([BII)I @ 7
Event: 10.682 Thread 0x0000000002324800 Uncommon trap: reason=class_check action=maybe_recompile pc=0x0000000002b94d88 method=org.openqa.selenium.json.Input.init()V @ 18
Event: 10.682 Thread 0x0000000002324800 Uncommon trap: reason=class_check action=maybe_recompile pc=0x0000000002b94d88 method=org.openqa.selenium.json.Input.init()V @ 18
Event: 10.682 Thread 0x0000000002324800 Uncommon trap: reason=class_check action=maybe_recompile pc=0x0000000002b94d88 method=org.openqa.selenium.json.Input.init()V @ 18
Event: 10.682 Thread 0x0000000002324800 Uncommon trap: reason=class_check action=maybe_recompile pc=0x0000000002b94d88 method=org.openqa.selenium.json.Input.init()V @ 18
Event: 10.733 Thread 0x0000000002324800 Uncommon trap: reason=unstable_if action=reinterpret pc=0x0000000002a24f54 method=java.util.concurrent.ConcurrentHashMap.putVal(Ljava/lang/Object;Ljava/lang/Object;Z)Ljava/lang/Object; @ 181
Event: 15.770 Thread 0x0000000002324800 Uncommon trap: reason=unstable_if action=reinterpret pc=0x000000000277206c method=java.util.concurrent.ConcurrentHashMap.get(Ljava/lang/Object;)Ljava/lang/Object; @ 76

Classes redefined (3 events):
Event: 175.990 Thread 0x00000000149b8000 redefined class name=com.OBSERVAMonitor.BaseTest, count=1
Event: 236.514 Thread 0x00000000149b8000 redefined class name=com.OBSERVAMonitor.OBSERVAInputPage, count=2
Event: 12530.560 Thread 0x00000000149b8000 redefined class name=com.OBSERVAMonitor.OBSERVAInputPage, count=3

Internal exceptions (10 events):
Event: 3.207 Thread 0x0000000002324800 Exception <a 'java/lang/NoSuchMethodError': java.lang.Object.lambda$or$2(Ljava/util/function/Predicate;Ljava/lang/Object;)Z> (0x00000000ec1ed880) thrown at [C:\re\workspace\8-2-build-windows-amd64-cygwin\jdk8u221\13320\hotspot\src\share\vm\interpreter\lin
Event: 3.237 Thread 0x0000000002324800 Exception <a 'java/lang/ArrayIndexOutOfBoundsException': 110> (0x00000000ec331228) thrown at [C:\re\workspace\8-2-build-windows-amd64-cygwin\jdk8u221\13320\hotspot\src\share\vm\interpreter\interpreterRuntime.cpp, line 368]
Event: 3.237 Thread 0x0000000002324800 Exception <a 'java/lang/ArrayIndexOutOfBoundsException': 88> (0x00000000ec332950) thrown at [C:\re\workspace\8-2-build-windows-amd64-cygwin\jdk8u221\13320\hotspot\src\share\vm\interpreter\interpreterRuntime.cpp, line 368]
Event: 3.238 Thread 0x0000000002324800 Exception <a 'java/lang/ArrayIndexOutOfBoundsException': 92> (0x00000000ec338f30) thrown at [C:\re\workspace\8-2-build-windows-amd64-cygwin\jdk8u221\13320\hotspot\src\share\vm\interpreter\interpreterRuntime.cpp, line 368]
Event: 3.239 Thread 0x0000000002324800 Exception <a 'java/lang/ArrayIndexOutOfBoundsException': 57> (0x00000000ec33ee08) thrown at [C:\re\workspace\8-2-build-windows-amd64-cygwin\jdk8u221\13320\hotspot\src\share\vm\interpreter\interpreterRuntime.cpp, line 368]
Event: 3.350 Thread 0x0000000002324800 Exception <a 'java/lang/NoSuchMethodError': java.lang.Object.lambda$chars$0()Ljava/util/Spliterator$OfInt;> (0x00000000eb618228) thrown at [C:\re\workspace\8-2-build-windows-amd64-cygwin\jdk8u221\13320\hotspot\src\share\vm\interpreter\linkResolver.cpp, li
Event: 10.702 Thread 0x0000000002324800 Exception <a 'java/lang/NoSuchMethodError': java.lang.Object.lambda$getResponseFunction$0(Lorg/openqa/selenium/remote/InitialHandshakeResponse;)Lorg/openqa/selenium/remote/ProtocolHandshake$Result;> (0x00000000ec094970) thrown at [C:\re\workspace\8-2-buil
Event: 10.790 Thread 0x0000000002324800 Exception <a 'java/net/SocketTimeoutException': Read timed out> (0x00000000ec2d0038) thrown at [C:\re\workspace\8-2-build-windows-amd64-cygwin\jdk8u221\13320\hotspot\src\share\vm\prims\jni.cpp, line 736]
Event: 11.526 Thread 0x0000000002324800 Exception <a 'java/net/SocketTimeoutException': Read timed out> (0x00000000ec309658) thrown at [C:\re\workspace\8-2-build-windows-amd64-cygwin\jdk8u221\13320\hotspot\src\share\vm\prims\jni.cpp, line 736]
Event: 15.742 Thread 0x0000000002324800 Exception <a 'java/net/SocketTimeoutException': Read timed out> (0x00000000ec327750) thrown at [C:\re\workspace\8-2-build-windows-amd64-cygwin\jdk8u221\13320\hotspot\src\share\vm\prims\jni.cpp, line 736]

Events (10 events):
Event: 14619.966 Executing VM operation: ChangeBreakpoints done
Event: 14632.139 Executing VM operation: GetCurrentContendedMonitor
Event: 14632.139 Executing VM operation: GetCurrentContendedMonitor done
Event: 14632.139 Executing VM operation: GetOwnedMonitorInfo
Event: 14632.139 Executing VM operation: GetOwnedMonitorInfo done
Event: 14648.783 Executing VM operation: GetCurrentContendedMonitor
Event: 14648.783 Executing VM operation: GetCurrentContendedMonitor done
Event: 14648.783 Executing VM operation: GetOwnedMonitorInfo
Event: 14648.783 Executing VM operation: GetOwnedMonitorInfo done
Event: 14653.672 Executing VM operation: GetOrSetLocal


Dynamic libraries:
0x00007ff600f00000 - 0x00007ff600f37000 	C:\Program Files\Java\jre1.8.0_221\bin\javaw.exe
0x00007ffa64ae0000 - 0x00007ffa64cd0000 	C:\WINDOWS\SYSTEM32\ntdll.dll
0x00007ffa64830000 - 0x00007ffa648e2000 	C:\WINDOWS\System32\KERNEL32.DLL
0x00007ffa61ce0000 - 0x00007ffa61f83000 	C:\WINDOWS\System32\KERNELBASE.dll
0x00007ffa63500000 - 0x00007ffa635a3000 	C:\WINDOWS\System32\ADVAPI32.dll
0x00007ffa63bd0000 - 0x00007ffa63c6e000 	C:\WINDOWS\System32\msvcrt.dll
0x00007ffa64450000 - 0x00007ffa644e7000 	C:\WINDOWS\System32\sechost.dll
0x00007ffa63ab0000 - 0x00007ffa63bd0000 	C:\WINDOWS\System32\RPCRT4.dll
0x00007ffa632f0000 - 0x00007ffa63484000 	C:\WINDOWS\System32\USER32.dll
0x00007ffa62b00000 - 0x00007ffa62b21000 	C:\WINDOWS\System32\win32u.dll
0x00007ffa63760000 - 0x00007ffa63786000 	C:\WINDOWS\System32\GDI32.dll
0x00007ffa61a90000 - 0x00007ffa61c24000 	C:\WINDOWS\System32\gdi32full.dll
0x00007ffa62a30000 - 0x00007ffa62ace000 	C:\WINDOWS\System32\msvcp_win.dll
0x00007ffa620e0000 - 0x00007ffa621da000 	C:\WINDOWS\System32\ucrtbase.dll
0x00007ffa55570000 - 0x00007ffa557f5000 	C:\WINDOWS\WinSxS\amd64_microsoft.windows.common-controls_6595b64144ccf1df_6.0.18362.535_none_e6c3b34713100821\COMCTL32.dll
0x00007ffa644f0000 - 0x00007ffa64826000 	C:\WINDOWS\System32\combase.dll
0x00007ffa62230000 - 0x00007ffa622b0000 	C:\WINDOWS\System32\bcryptPrimitives.dll
0x00007ffa632c0000 - 0x00007ffa632ee000 	C:\WINDOWS\System32\IMM32.DLL
0x000000005a1e0000 - 0x000000005a2b2000 	C:\Program Files\Java\jre1.8.0_221\bin\msvcr100.dll
0x000000005a5f0000 - 0x000000005ae95000 	C:\Program Files\Java\jre1.8.0_221\bin\server\jvm.dll
0x00007ffa64a90000 - 0x00007ffa64a98000 	C:\WINDOWS\System32\PSAPI.DLL
0x00007ffa59220000 - 0x00007ffa59229000 	C:\WINDOWS\SYSTEM32\WSOCK32.dll
0x00007ffa502a0000 - 0x00007ffa502c4000 	C:\WINDOWS\SYSTEM32\WINMM.dll
0x00007ffa5bb20000 - 0x00007ffa5bb2a000 	C:\WINDOWS\SYSTEM32\VERSION.dll
0x00007ffa636f0000 - 0x00007ffa6375f000 	C:\WINDOWS\System32\WS2_32.dll
0x00007ffa50270000 - 0x00007ffa5029d000 	C:\WINDOWS\SYSTEM32\WINMMBASE.dll
0x00007ffa621e0000 - 0x00007ffa6222a000 	C:\WINDOWS\System32\cfgmgr32.dll
0x00007ffa41150000 - 0x00007ffa4115f000 	C:\Program Files\Java\jre1.8.0_221\bin\verify.dll
0x00007ffa37770000 - 0x00007ffa37799000 	C:\Program Files\Java\jre1.8.0_221\bin\java.dll
0x00007ffa3a7b0000 - 0x00007ffa3a7e5000 	C:\Program Files\Java\jre1.8.0_221\bin\jdwp.dll
0x00007ffa5e400000 - 0x00007ffa5e408000 	C:\Program Files\Java\jre1.8.0_221\bin\npt.dll
0x00007ffa37750000 - 0x00007ffa37766000 	C:\Program Files\Java\jre1.8.0_221\bin\zip.dll
0x00007ffa63cd0000 - 0x00007ffa643b5000 	C:\WINDOWS\System32\SHELL32.dll
0x00007ffa63210000 - 0x00007ffa632b9000 	C:\WINDOWS\System32\shcore.dll
0x00007ffa622b0000 - 0x00007ffa62a2f000 	C:\WINDOWS\System32\windows.storage.dll
0x00007ffa61a50000 - 0x00007ffa61a6f000 	C:\WINDOWS\System32\profapi.dll
0x00007ffa619c0000 - 0x00007ffa61a0a000 	C:\WINDOWS\System32\powrprof.dll
0x00007ffa619b0000 - 0x00007ffa619c0000 	C:\WINDOWS\System32\UMPDC.dll
0x00007ffa63000000 - 0x00007ffa63052000 	C:\WINDOWS\System32\shlwapi.dll
0x00007ffa61a30000 - 0x00007ffa61a41000 	C:\WINDOWS\System32\kernel.appcore.dll
0x00007ffa61a70000 - 0x00007ffa61a87000 	C:\WINDOWS\System32\cryptsp.dll
0x00007ffa5df90000 - 0x00007ffa5df99000 	C:\Program Files\Java\jre1.8.0_221\bin\dt_socket.dll
0x00007ffa58ca0000 - 0x00007ffa58cb6000 	C:\WINDOWS\system32\napinsp.dll
0x00007ffa58c50000 - 0x00007ffa58c6a000 	C:\WINDOWS\system32\pnrpnsp.dll
0x00007ffa61220000 - 0x00007ffa61287000 	C:\WINDOWS\System32\mswsock.dll
0x00007ffa60f70000 - 0x00007ffa6103a000 	C:\WINDOWS\SYSTEM32\DNSAPI.dll
0x00007ffa63a40000 - 0x00007ffa63a48000 	C:\WINDOWS\System32\NSI.dll
0x00007ffa60f30000 - 0x00007ffa60f6a000 	C:\WINDOWS\SYSTEM32\IPHLPAPI.DLL
0x00007ffa58c40000 - 0x00007ffa58c4e000 	C:\WINDOWS\System32\winrnr.dll
0x00007ffa5dee0000 - 0x00007ffa5defc000 	C:\WINDOWS\system32\NLAapi.dll
0x00007ffa58be0000 - 0x00007ffa58bf5000 	C:\WINDOWS\system32\wshbth.dll
0x00007ffa5db40000 - 0x00007ffa5dbb7000 	C:\WINDOWS\System32\fwpuclnt.dll
0x00007ffa62ad0000 - 0x00007ffa62af6000 	C:\WINDOWS\System32\bcrypt.dll
0x00007ffa5d2b0000 - 0x00007ffa5d2ba000 	C:\Windows\System32\rasadhlp.dll
0x00007ffa328a0000 - 0x00007ffa328ba000 	C:\Program Files\Java\jre1.8.0_221\bin\net.dll
0x00007ffa56790000 - 0x00007ffa56966000 	C:\WINDOWS\SYSTEM32\urlmon.dll
0x00007ffa5ce00000 - 0x00007ffa5d0a6000 	C:\WINDOWS\SYSTEM32\iertutil.dll
0x00007ffa613f0000 - 0x00007ffa613fc000 	C:\WINDOWS\SYSTEM32\CRYPTBASE.DLL
0x00007ffa60d30000 - 0x00007ffa60d63000 	C:\WINDOWS\system32\rsaenh.dll
0x00007ffa618a0000 - 0x00007ffa618c5000 	C:\WINDOWS\SYSTEM32\USERENV.dll
0x00007ffa5deb0000 - 0x00007ffa5dec6000 	C:\WINDOWS\SYSTEM32\dhcpcsvc6.DLL
0x00007ffa5de90000 - 0x00007ffa5deac000 	C:\WINDOWS\SYSTEM32\dhcpcsvc.DLL
0x00007ffa32880000 - 0x00007ffa32892000 	C:\Program Files\Java\jre1.8.0_221\bin\nio.dll
0x00007ffa411b0000 - 0x00007ffa411d4000 	C:\Program Files\Java\jre1.8.0_221\bin\sunec.dll
0x00007ffa5bd10000 - 0x00007ffa5bd1b000 	C:\Program Files\Java\jre1.8.0_221\bin\sunmscapi.dll
0x00007ffa61f90000 - 0x00007ffa620d9000 	C:\WINDOWS\System32\CRYPT32.dll
0x00007ffa61a10000 - 0x00007ffa61a22000 	C:\WINDOWS\System32\MSASN1.dll

VM Arguments:
jvm_args: -agentlib:jdwp=transport=dt_socket,suspend=y,address=localhost:52779 -ea -Dfile.encoding=Cp1252 
java_command: org.testng.remote.RemoteTestNG -serport 52778 -protocol json -d C:\Users\factum\Desktop\OBSERVAMonitor\OBSERVAMonitor\test-output C:\Users\factum\AppData\Local\Temp\testng-eclipse-1324524556\testng-customsuite.xml
java_class_path (initial): C:\Users\factum\Downloads\eclipse\configuration\org.eclipse.osgi\1028\0\.cp\lib\testng-remote.jar;C:\Program Files\Java\jre1.8.0_221\lib\resources.jar;C:\Program Files\Java\jre1.8.0_221\lib\rt.jar;C:\Program Files\Java\jre1.8.0_221\lib\jsse.jar;C:\Program Files\Java\jre1.8.0_221\lib\jce.jar;C:\Program Files\Java\jre1.8.0_221\lib\charsets.jar;C:\Program Files\Java\jre1.8.0_221\lib\jfr.jar;C:\Program Files\Java\jre1.8.0_221\lib\ext\access-bridge-64.jar;C:\Program Files\Java\jre1.8.0_221\lib\ext\cldrdata.jar;C:\Program Files\Java\jre1.8.0_221\lib\ext\dnsns.jar;C:\Program Files\Java\jre1.8.0_221\lib\ext\jaccess.jar;C:\Program Files\Java\jre1.8.0_221\lib\ext\jfxrt.jar;C:\Program Files\Java\jre1.8.0_221\lib\ext\localedata.jar;C:\Program Files\Java\jre1.8.0_221\lib\ext\nashorn.jar;C:\Program Files\Java\jre1.8.0_221\lib\ext\sunec.jar;C:\Program Files\Java\jre1.8.0_221\lib\ext\sunjce_provider.jar;C:\Program Files\Java\jre1.8.0_221\lib\ext\sunmscapi.jar;C:\Program Files\Java\jre1.8.0_221\lib\ext\sunpkcs11.jar;C:\Program Files\Java\jre1.8.0_221\lib\ext\zipfs.jar;C:\Users\factum\Desktop\OBSERVAMonitor\OBSERVAMonitor\target\test-classes;C:\Users\factum\Desktop\OBSERVAMonitor\OBSERVAMonitor\target\classes;C:\Users\factum\Downloads\eclipse\plugins\org.testng_7.0.0.r201908191551.jar;C:\Users\factum\Downloads\eclipse\plugins\com.beust.jcommander_1.72.0.jar;C:\Users\factum\Downloads\eclipse\plugins\org.apache-extras.beanshell.bsh_2.0.0.b6.jar;C:\Users\factum\Downloads\eclipse\plugins\org.yaml.snakeyaml_1.21.0.jar;C:\Users\factum\.m2\repository\junit\junit\3.8.1\junit-3.8.1.jar;C:\Users\factum\.m2\repository\org\seleniumhq\selenium\selenium-java\3.141.59\selenium-java-3.141.59.jar;C:\Users\factum\.m2\repository\org\seleniumhq\selenium\selenium-api\3.141.59\selenium-api-3.141.59.jar;C:\Users\factum\.m2\repository\org\seleniumhq\selenium\selenium-chrome-driver\3.141.59\selenium-chrome-driver-3.141.59.jar;C:\Users\factum\.m2\repository\org\seleniumhq\selenium
Launcher Type: SUN_STANDARD

Environment Variables:
PATH=C:/Program Files/Java/jre1.8.0_221/bin/server;C:/Program Files/Java/jre1.8.0_221/bin;C:/Program Files/Java/jre1.8.0_221/lib/amd64;C:\Program Files (x86)\Common Files\Oracle\Java\javapath;C:\WINDOWS\system32;C:\WINDOWS;C:\WINDOWS\System32\Wbem;C:\WINDOWS\System32\WindowsPowerShell\v1.0\;C:\WINDOWS\System32\OpenSSH\;C:\Program Files\Git\cmd;C:\Program Files\nodejs\;C:\Users\factum\AppData\Local\Microsoft\WindowsApps;C:\Users\factum\AppData\Roaming\npm;C:\Users\factum\Downloads\eclipse;
USERNAME=factum
OS=Windows_NT
PROCESSOR_IDENTIFIER=Intel64 Family 6 Model 58 Stepping 9, GenuineIntel



---------------  S Y S T E M  ---------------

OS: Windows 10.0 , 64 bit Build 18362 (10.0.18362.329)

CPU:total 4 (initial active 4) (2 cores per cpu, 2 threads per core) family 6 model 58 stepping 9, cmov, cx8, fxsr, mmx, sse, sse2, sse3, ssse3, sse4.1, sse4.2, popcnt, avx, aes, clmul, erms, ht, tsc, tscinvbit, tscinv

Memory: 4k page, physical 4072244k(453984k free), swap 9695144k(1945600k free)

vm_info: Java HotSpot(TM) 64-Bit Server VM (25.221-b11) for windows-amd64 JRE (1.8.0_221-b11), built on Jul  4 2019 04:39:29 by "java_re" with MS VC++ 10.0 (VS2010)

time: Fri Dec 13 18:28:19 2019
timezone: GMT Standard Time
elapsed time: 14654 seconds (0d 4h 4m 14s)

